<?xml version="1.0" encoding="UTF-8" standalone="yes"?><!DOCTYPE report PUBLIC "-//JACOCO//DTD Report 1.1//EN" "report.dtd"><report name="MTS_Project"><sessioninfo id="LAPTOP-KBJIECRV-85b3542a" start="1733137421158" dump="1733137422254"/><sessioninfo id="LAPTOP-KBJIECRV-bdcd1c38" start="1733138132363" dump="1733138133446"/><sessioninfo id="LAPTOP-KBJIECRV-a528f815" start="1733138512760" dump="1733138513707"/><sessioninfo id="LAPTOP-KBJIECRV-76727733" start="1733141101793" dump="1733141102476"/><sessioninfo id="LAPTOP-KBJIECRV-916b45ae" start="1733141209839" dump="1733141210608"/><sessioninfo id="LAPTOP-KBJIECRV-d24d10cf" start="1733141482831" dump="1733141483717"/><sessioninfo id="LAPTOP-KBJIECRV-4b014f4a" start="1733141817084" dump="1733141817720"/><sessioninfo id="LAPTOP-KBJIECRV-d557a9b0" start="1733141931671" dump="1733141932315"/><sessioninfo id="LAPTOP-KBJIECRV-30676e1a" start="1733148262448" dump="1733148263754"/><sessioninfo id="LAPTOP-KBJIECRV-e0fbe52e" start="1733148345713" dump="1733148346937"/><sessioninfo id="LAPTOP-KBJIECRV-54834427" start="1733148524957" dump="1733148526188"/><sessioninfo id="LAPTOP-KBJIECRV-813f73b2" start="1733148799985" dump="1733148801177"/><sessioninfo id="LAPTOP-KBJIECRV-dba6f7a4" start="1733749257309" dump="1733749258690"/><sessioninfo id="LAPTOP-KBJIECRV-60ff5715" start="1733853319323" dump="1733853320163"/><sessioninfo id="LAPTOP-KBJIECRV-b4c39d34" start="1733853546635" dump="1733853547388"/><package name="org/example"><class name="org/example/Main" sourcefilename="Main.java"><method name="&lt;init&gt;" desc="()V" line="7"><counter type="INSTRUCTION" missed="3" covered="0"/><counter type="LINE" missed="1" covered="0"/><counter type="COMPLEXITY" missed="1" covered="0"/><counter type="METHOD" missed="1" covered="0"/></method><method name="main" desc="([Ljava/lang/String;)V" line="10"><counter type="INSTRUCTION" missed="4" covered="0"/><counter type="LINE" missed="2" covered="0"/><counter type="COMPLEXITY" missed="1" covered="0"/><counter type="METHOD" missed="1" covered="0"/></method><method name="lambda$main$0" desc="(Lspark/Request;Lspark/Response;)Ljava/lang/Object;" line="10"><counter type="INSTRUCTION" missed="2" covered="0"/><counter type="LINE" missed="1" covered="0"/><counter type="COMPLEXITY" missed="1" covered="0"/><counter type="METHOD" missed="1" covered="0"/></method><counter type="INSTRUCTION" missed="9" covered="0"/><counter type="LINE" missed="3" covered="0"/><counter type="COMPLEXITY" missed="3" covered="0"/><counter type="METHOD" missed="3" covered="0"/><counter type="CLASS" missed="1" covered="0"/></class><sourcefile name="Main.java"><line nr="7" mi="3" ci="0" mb="0" cb="0"/><line nr="10" mi="5" ci="0" mb="0" cb="0"/><line nr="11" mi="1" ci="0" mb="0" cb="0"/><counter type="INSTRUCTION" missed="9" covered="0"/><counter type="LINE" missed="3" covered="0"/><counter type="COMPLEXITY" missed="3" covered="0"/><counter type="METHOD" missed="3" covered="0"/><counter type="CLASS" missed="1" covered="0"/></sourcefile><counter type="INSTRUCTION" missed="9" covered="0"/><counter type="LINE" missed="3" covered="0"/><counter type="COMPLEXITY" missed="3" covered="0"/><counter type="METHOD" missed="3" covered="0"/><counter type="CLASS" missed="1" covered="0"/></package><counter type="INSTRUCTION" missed="9" covered="0"/><counter type="LINE" missed="3" covered="0"/><counter type="COMPLEXITY" missed="3" covered="0"/><counter type="METHOD" missed="3" covered="0"/><counter type="CLASS" missed="1" covered="0"/></report>