<?xml version="1.0" encoding="UTF-8"?>
<testsuite xmlns:xsi="http://www.w3.org/2001/XMLSchema-instance" xsi:noNamespaceSchemaLocation="https://maven.apache.org/surefire/maven-surefire-plugin/xsd/surefire-test-report-3.0.xsd" version="3.0" name="org.example.controller.E2ETest" time="0.066" tests="1" errors="0" skipped="0" failures="0">
  <properties>
[...]
</properties>
  <testcase name="e2eTest" classname="org.example.controller.E2ETest" time="0.062">
    <system-out><![CDATA[00:24:51.142 [Thread-132] INFO  s.e.jetty.EmbeddedJettyServer - == Spark has ignited ...
00:24:51.142 [Thread-132] INFO  s.e.jetty.EmbeddedJettyServer - >> Listening on 0.0.0.0:4567
00:24:51.142 [Thread-132] INFO  org.eclipse.jetty.server.Server - jetty-9.4.48.v20220622; built: 2022-06-21T20:42:25.880Z; git: 6b67c5719d1f4371b33655ff2d047d24e171e49a; jvm 17.0.12+1-b1207.37
00:24:51.142 [Thread-132] INFO  org.eclipse.jetty.server.session - DefaultSessionIdManager workerName=node0
00:24:51.142 [Thread-132] INFO  org.eclipse.jetty.server.session - No SessionScavenger set, using defaults
00:24:51.142 [Thread-132] INFO  org.eclipse.jetty.server.session - node0 Scavenging every 660000ms
00:24:51.154 [Thread-132] INFO  o.e.jetty.server.AbstractConnector - Started ServerConnector@670f93dd{HTTP/1.1, (http/1.1)}{0.0.0.0:4567}
00:24:51.154 [Thread-132] INFO  org.eclipse.jetty.server.Server - Started @4349ms
00:24:51.196 [Thread-141] INFO  s.e.jetty.EmbeddedJettyServer - >>> Spark shutting down ...
00:24:51.200 [Thread-141] INFO  o.e.jetty.server.AbstractConnector - Stopped ServerConnector@670f93dd{HTTP/1.1, (http/1.1)}{0.0.0.0:4567}
00:24:51.200 [Thread-141] INFO  org.eclipse.jetty.server.session - node0 Stopped scavenging
00:24:51.204 [Thread-141] INFO  s.e.jetty.EmbeddedJettyServer - done
]]></system-out>
  </testcase>
</testsuite>