<?xml version="1.0" encoding="UTF-8"?>
<testsuite xmlns:xsi="http://www.w3.org/2001/XMLSchema-instance" xsi:noNamespaceSchemaLocation="https://maven.apache.org/surefire/maven-surefire-plugin/xsd/surefire-test-report-3.0.xsd" version="3.0" name="org.example.controller.comment.CommentControllerTest" time="0.139" tests="4" errors="0" skipped="0" failures="0">
  <properties>
[...]
</properties>
  <testcase name="createNotExistsArticle" classname="org.example.controller.comment.CommentControllerTest" time="0.049">
    <system-out><![CDATA[00:24:51.008 [Thread-92] INFO  s.e.jetty.EmbeddedJettyServer - == Spark has ignited ...
00:24:51.008 [Thread-92] INFO  s.e.jetty.EmbeddedJettyServer - >> Listening on 0.0.0.0:4567
00:24:51.008 [Thread-92] INFO  org.eclipse.jetty.server.Server - jetty-9.4.48.v20220622; built: 2022-06-21T20:42:25.880Z; git: 6b67c5719d1f4371b33655ff2d047d24e171e49a; jvm 17.0.12+1-b1207.37
00:24:51.008 [Thread-92] INFO  org.eclipse.jetty.server.session - DefaultSessionIdManager workerName=node0
00:24:51.008 [Thread-92] INFO  org.eclipse.jetty.server.session - No SessionScavenger set, using defaults
00:24:51.008 [Thread-92] INFO  org.eclipse.jetty.server.session - node0 Scavenging every 660000ms
00:24:51.031 [Thread-92] INFO  o.e.jetty.server.AbstractConnector - Started ServerConnector@b327da0{HTTP/1.1, (http/1.1)}{0.0.0.0:4567}
00:24:51.031 [Thread-92] INFO  org.eclipse.jetty.server.Server - Started @4223ms
00:24:51.039 [qtp99980142-169] WARN  o.e.c.comment.CommentController - Article not found.
org.example.exceptions.CommentCreateException: article with id:1984 doesn't exist or cannot be reached
	at org.example.service.comment.CommentService.create(CommentService.java:26)
	at org.example.controller.comment.CommentController.lambda$createComment$0(CommentController.java:45)
	at spark.RouteImpl$1.handle(RouteImpl.java:72)
	at spark.http.matching.Routes.execute(Routes.java:61)
	at spark.http.matching.MatcherFilter.doFilter(MatcherFilter.java:134)
	at spark.embeddedserver.jetty.JettyHandler.doHandle(JettyHandler.java:50)
	at org.eclipse.jetty.server.session.SessionHandler.doScope(SessionHandler.java:1598)
	at org.eclipse.jetty.server.handler.ScopedHandler.handle(ScopedHandler.java:141)
	at org.eclipse.jetty.server.handler.HandlerWrapper.handle(HandlerWrapper.java:127)
	at org.eclipse.jetty.server.Server.handle(Server.java:516)
	at org.eclipse.jetty.server.HttpChannel.lambda$handle$1(HttpChannel.java:487)
	at org.eclipse.jetty.server.HttpChannel.dispatch(HttpChannel.java:732)
	at org.eclipse.jetty.server.HttpChannel.handle(HttpChannel.java:479)
	at org.eclipse.jetty.server.HttpConnection.onFillable(HttpConnection.java:277)
	at org.eclipse.jetty.io.AbstractConnection$ReadCallback.succeeded(AbstractConnection.java:311)
	at org.eclipse.jetty.io.FillInterest.fillable(FillInterest.java:105)
	at org.eclipse.jetty.io.ChannelEndPoint$1.run(ChannelEndPoint.java:104)
	at org.eclipse.jetty.util.thread.QueuedThreadPool.runJob(QueuedThreadPool.java:883)
	at org.eclipse.jetty.util.thread.QueuedThreadPool$Runner.run(QueuedThreadPool.java:1034)
	at java.base/java.lang.Thread.run(Thread.java:840)
00:24:51.046 [Thread-101] INFO  s.e.jetty.EmbeddedJettyServer - >>> Spark shutting down ...
00:24:51.046 [Thread-101] INFO  o.e.jetty.server.AbstractConnector - Stopped ServerConnector@b327da0{HTTP/1.1, (http/1.1)}{0.0.0.0:4567}
00:24:51.046 [Thread-101] INFO  org.eclipse.jetty.server.session - node0 Stopped scavenging
00:24:51.052 [Thread-101] INFO  s.e.jetty.EmbeddedJettyServer - done
]]></system-out>
  </testcase>
  <testcase name="successfulCommentCreate" classname="org.example.controller.comment.CommentControllerTest" time="0.033">
    <system-out><![CDATA[00:24:51.057 [Thread-102] INFO  s.e.jetty.EmbeddedJettyServer - == Spark has ignited ...
00:24:51.057 [Thread-102] INFO  s.e.jetty.EmbeddedJettyServer - >> Listening on 0.0.0.0:4567
00:24:51.057 [Thread-102] INFO  org.eclipse.jetty.server.Server - jetty-9.4.48.v20220622; built: 2022-06-21T20:42:25.880Z; git: 6b67c5719d1f4371b33655ff2d047d24e171e49a; jvm 17.0.12+1-b1207.37
00:24:51.057 [Thread-102] INFO  org.eclipse.jetty.server.session - DefaultSessionIdManager workerName=node0
00:24:51.057 [Thread-102] INFO  org.eclipse.jetty.server.session - No SessionScavenger set, using defaults
00:24:51.057 [Thread-102] INFO  org.eclipse.jetty.server.session - node0 Scavenging every 600000ms
00:24:51.068 [Thread-102] INFO  o.e.jetty.server.AbstractConnector - Started ServerConnector@15c2a08c{HTTP/1.1, (http/1.1)}{0.0.0.0:4567}
00:24:51.068 [Thread-102] INFO  org.eclipse.jetty.server.Server - Started @4259ms
00:24:51.078 [Thread-111] INFO  s.e.jetty.EmbeddedJettyServer - >>> Spark shutting down ...
00:24:51.078 [Thread-111] INFO  o.e.jetty.server.AbstractConnector - Stopped ServerConnector@15c2a08c{HTTP/1.1, (http/1.1)}{0.0.0.0:4567}
00:24:51.078 [Thread-111] INFO  org.eclipse.jetty.server.session - node0 Stopped scavenging
00:24:51.085 [Thread-111] INFO  s.e.jetty.EmbeddedJettyServer - done
]]></system-out>
  </testcase>
  <testcase name="successfulCommentDelete" classname="org.example.controller.comment.CommentControllerTest" time="0.026">
    <system-out><![CDATA[00:24:51.089 [Thread-112] INFO  s.e.jetty.EmbeddedJettyServer - == Spark has ignited ...
00:24:51.089 [Thread-112] INFO  s.e.jetty.EmbeddedJettyServer - >> Listening on 0.0.0.0:4567
00:24:51.089 [Thread-112] INFO  org.eclipse.jetty.server.Server - jetty-9.4.48.v20220622; built: 2022-06-21T20:42:25.880Z; git: 6b67c5719d1f4371b33655ff2d047d24e171e49a; jvm 17.0.12+1-b1207.37
00:24:51.091 [Thread-112] INFO  org.eclipse.jetty.server.session - DefaultSessionIdManager workerName=node0
00:24:51.091 [Thread-112] INFO  org.eclipse.jetty.server.session - No SessionScavenger set, using defaults
00:24:51.091 [Thread-112] INFO  org.eclipse.jetty.server.session - node0 Scavenging every 600000ms
00:24:51.099 [Thread-112] INFO  o.e.jetty.server.AbstractConnector - Started ServerConnector@288946bc{HTTP/1.1, (http/1.1)}{0.0.0.0:4567}
00:24:51.101 [Thread-112] INFO  org.eclipse.jetty.server.Server - Started @4291ms
00:24:51.101 [Thread-121] INFO  s.e.jetty.EmbeddedJettyServer - >>> Spark shutting down ...
00:24:51.101 [Thread-121] INFO  o.e.jetty.server.AbstractConnector - Stopped ServerConnector@288946bc{HTTP/1.1, (http/1.1)}{0.0.0.0:4567}
00:24:51.110 [Thread-121] INFO  org.eclipse.jetty.server.session - node0 Stopped scavenging
00:24:51.111 [Thread-121] INFO  s.e.jetty.EmbeddedJettyServer - done
]]></system-out>
  </testcase>
  <testcase name="deleteNotExistsComment" classname="org.example.controller.comment.CommentControllerTest" time="0.027">
    <system-out><![CDATA[00:24:51.111 [Thread-122] INFO  s.e.jetty.EmbeddedJettyServer - == Spark has ignited ...
00:24:51.111 [Thread-122] INFO  s.e.jetty.EmbeddedJettyServer - >> Listening on 0.0.0.0:4567
00:24:51.111 [Thread-122] INFO  org.eclipse.jetty.server.Server - jetty-9.4.48.v20220622; built: 2022-06-21T20:42:25.880Z; git: 6b67c5719d1f4371b33655ff2d047d24e171e49a; jvm 17.0.12+1-b1207.37
00:24:51.111 [Thread-122] INFO  org.eclipse.jetty.server.session - DefaultSessionIdManager workerName=node0
00:24:51.111 [Thread-122] INFO  org.eclipse.jetty.server.session - No SessionScavenger set, using defaults
00:24:51.111 [Thread-122] INFO  org.eclipse.jetty.server.session - node0 Scavenging every 600000ms
00:24:51.126 [Thread-122] INFO  o.e.jetty.server.AbstractConnector - Started ServerConnector@616b4e36{HTTP/1.1, (http/1.1)}{0.0.0.0:4567}
00:24:51.126 [Thread-122] INFO  org.eclipse.jetty.server.Server - Started @4317ms
00:24:51.132 [qtp1873591731-221] WARN  o.e.c.comment.CommentController - Comment not found.
org.example.exceptions.CommentDeleteException: Comment with id:1984 doesn't exist or cannot be reached
	at org.example.service.comment.CommentService.delete(CommentService.java:36)
	at org.example.controller.comment.CommentController.lambda$delete$1(CommentController.java:68)
	at spark.RouteImpl$1.handle(RouteImpl.java:72)
	at spark.http.matching.Routes.execute(Routes.java:61)
	at spark.http.matching.MatcherFilter.doFilter(MatcherFilter.java:134)
	at spark.embeddedserver.jetty.JettyHandler.doHandle(JettyHandler.java:50)
	at org.eclipse.jetty.server.session.SessionHandler.doScope(SessionHandler.java:1598)
	at org.eclipse.jetty.server.handler.ScopedHandler.handle(ScopedHandler.java:141)
	at org.eclipse.jetty.server.handler.HandlerWrapper.handle(HandlerWrapper.java:127)
	at org.eclipse.jetty.server.Server.handle(Server.java:516)
	at org.eclipse.jetty.server.HttpChannel.lambda$handle$1(HttpChannel.java:487)
	at org.eclipse.jetty.server.HttpChannel.dispatch(HttpChannel.java:732)
	at org.eclipse.jetty.server.HttpChannel.handle(HttpChannel.java:479)
	at org.eclipse.jetty.server.HttpConnection.onFillable(HttpConnection.java:277)
	at org.eclipse.jetty.io.AbstractConnection$ReadCallback.succeeded(AbstractConnection.java:311)
	at org.eclipse.jetty.io.FillInterest.fillable(FillInterest.java:105)
	at org.eclipse.jetty.io.ChannelEndPoint$1.run(ChannelEndPoint.java:104)
	at org.eclipse.jetty.util.thread.QueuedThreadPool.runJob(QueuedThreadPool.java:883)
	at org.eclipse.jetty.util.thread.QueuedThreadPool$Runner.run(QueuedThreadPool.java:1034)
	at java.base/java.lang.Thread.run(Thread.java:840)
00:24:51.132 [Thread-131] INFO  s.e.jetty.EmbeddedJettyServer - >>> Spark shutting down ...
00:24:51.137 [Thread-131] INFO  o.e.jetty.server.AbstractConnector - Stopped ServerConnector@616b4e36{HTTP/1.1, (http/1.1)}{0.0.0.0:4567}
00:24:51.137 [Thread-131] INFO  org.eclipse.jetty.server.session - node0 Stopped scavenging
00:24:51.138 [Thread-131] INFO  s.e.jetty.EmbeddedJettyServer - done
]]></system-out>
  </testcase>
</testsuite>