<?xml version="1.0" encoding="UTF-8"?>
<testsuite xmlns:xsi="http://www.w3.org/2001/XMLSchema-instance" xsi:noNamespaceSchemaLocation="https://maven.apache.org/surefire/maven-surefire-plugin/xsd/surefire-test-report-3.0.xsd" version="3.0" name="org.example.controller.article.ArticleControllerTest" time="2.473" tests="8" errors="0" skipped="0" failures="0">
  <properties>
[...]
</properties>
  <testcase name="successfulUpdateArticle" classname="org.example.controller.article.ArticleControllerTest" time="2.069">
    <system-out><![CDATA[00:24:48,102 |-INFO in ch.qos.logback.classic.LoggerContext[default] - This is logback-classic version 1.4.12
00:24:48,102 |-INFO in ch.qos.logback.classic.util.ContextInitializer@3887cf88 - No custom configurators were discovered as a service.
00:24:48,102 |-INFO in ch.qos.logback.classic.util.ContextInitializer@3887cf88 - Trying to configure with ch.qos.logback.classic.joran.SerializedModelConfigurator
00:24:48,107 |-INFO in ch.qos.logback.classic.util.ContextInitializer@3887cf88 - Constructed configurator of type class ch.qos.logback.classic.joran.SerializedModelConfigurator
00:24:48,113 |-INFO in ch.qos.logback.classic.LoggerContext[default] - Could NOT find resource [logback-test.scmo]
00:24:48,113 |-INFO in ch.qos.logback.classic.LoggerContext[default] - Could NOT find resource [logback.scmo]
00:24:48,118 |-INFO in ch.qos.logback.classic.util.ContextInitializer@3887cf88 - ch.qos.logback.classic.joran.SerializedModelConfigurator.configure() call lasted 6 milliseconds. ExecutionStatus=INVOKE_NEXT_IF_ANY
00:24:48,123 |-INFO in ch.qos.logback.classic.util.ContextInitializer@3887cf88 - Trying to configure with ch.qos.logback.classic.util.DefaultJoranConfigurator
00:24:48,123 |-INFO in ch.qos.logback.classic.util.ContextInitializer@3887cf88 - Constructed configurator of type class ch.qos.logback.classic.util.DefaultJoranConfigurator
00:24:48,123 |-INFO in ch.qos.logback.classic.LoggerContext[default] - Could NOT find resource [logback-test.xml]
00:24:48,123 |-INFO in ch.qos.logback.classic.LoggerContext[default] - Found resource [logback.xml] at [file:/C:/Users/HP/IdeaProjects/MTS_Project/target/classes/logback.xml]
00:24:48,337 |-INFO in ch.qos.logback.core.model.processor.AppenderModelHandler - Processing appender named [CONSOLE]
00:24:48,337 |-INFO in ch.qos.logback.core.model.processor.AppenderModelHandler - About to instantiate appender of type [ch.qos.logback.core.ConsoleAppender]
00:24:48,475 |-WARN in ch.qos.logback.core.ConsoleAppender[CONSOLE] - This appender no longer admits a layout as a sub-component, set an encoder instead.
00:24:48,475 |-WARN in ch.qos.logback.core.ConsoleAppender[CONSOLE] - To ensure compatibility, wrapping your layout in LayoutWrappingEncoder.
00:24:48,475 |-WARN in ch.qos.logback.core.ConsoleAppender[CONSOLE] - See also http://logback.qos.ch/codes.html#layoutInsteadOfEncoder for details
00:24:48,475 |-INFO in ch.qos.logback.classic.model.processor.RootLoggerModelHandler - Setting level of ROOT logger to INFO
00:24:48,475 |-INFO in ch.qos.logback.core.model.processor.AppenderRefModelHandler - Attaching appender named [CONSOLE] to Logger[ROOT]
00:24:48,475 |-INFO in ch.qos.logback.core.model.processor.DefaultProcessor@5649ec46 - End of configuration.
00:24:48,481 |-INFO in ch.qos.logback.classic.joran.JoranConfigurator@78dc4696 - Registering current configuration as safe fallback point
00:24:48,481 |-INFO in ch.qos.logback.classic.util.ContextInitializer@3887cf88 - ch.qos.logback.classic.util.DefaultJoranConfigurator.configure() call lasted 358 milliseconds. ExecutionStatus=DO_NOT_INVOKE_NEXT_IF_ANY

00:24:49.041 [Thread-2] INFO  org.eclipse.jetty.util.log - Logging initialized @2229ms to org.eclipse.jetty.util.log.Slf4jLog
00:24:49.158 [Thread-2] INFO  s.e.jetty.EmbeddedJettyServer - == Spark has ignited ...
00:24:49.158 [Thread-2] INFO  s.e.jetty.EmbeddedJettyServer - >> Listening on 0.0.0.0:4567
00:24:49.163 [Thread-2] INFO  org.eclipse.jetty.server.Server - jetty-9.4.48.v20220622; built: 2022-06-21T20:42:25.880Z; git: 6b67c5719d1f4371b33655ff2d047d24e171e49a; jvm 17.0.12+1-b1207.37
00:24:49.227 [Thread-2] INFO  org.eclipse.jetty.server.session - DefaultSessionIdManager workerName=node0
00:24:49.227 [Thread-2] INFO  org.eclipse.jetty.server.session - No SessionScavenger set, using defaults
00:24:49.227 [Thread-2] INFO  org.eclipse.jetty.server.session - node0 Scavenging every 600000ms
00:24:49.371 [Thread-2] INFO  o.e.jetty.server.AbstractConnector - Started ServerConnector@6a268987{HTTP/1.1, (http/1.1)}{0.0.0.0:4567}
00:24:49.371 [Thread-2] INFO  org.eclipse.jetty.server.Server - Started @2563ms
00:24:50.038 [Thread-11] INFO  s.e.jetty.EmbeddedJettyServer - >>> Spark shutting down ...
00:24:50.054 [Thread-11] INFO  o.e.jetty.server.AbstractConnector - Stopped ServerConnector@6a268987{HTTP/1.1, (http/1.1)}{0.0.0.0:4567}
00:24:50.054 [Thread-11] INFO  org.eclipse.jetty.server.session - node0 Stopped scavenging
00:24:50.059 [Thread-11] INFO  s.e.jetty.EmbeddedJettyServer - done
]]></system-out>
    <system-err><![CDATA[SLF4J: Class path contains multiple SLF4J providers.
SLF4J: Found provider [ch.qos.logback.classic.spi.LogbackServiceProvider@77b14724]
SLF4J: Found provider [org.slf4j.reload4j.Reload4jServiceProvider@5d9b7a8a]
SLF4J: See https://www.slf4j.org/codes.html#multiple_bindings for an explanation.
SLF4J: Actual provider is of type [ch.qos.logback.classic.spi.LogbackServiceProvider@77b14724]
]]></system-err>
  </testcase>
  <testcase name="successfulGetArticle" classname="org.example.controller.article.ArticleControllerTest" time="0.078">
    <system-out><![CDATA[00:24:50.075 [Thread-12] INFO  s.e.jetty.EmbeddedJettyServer - == Spark has ignited ...
00:24:50.075 [Thread-12] INFO  s.e.jetty.EmbeddedJettyServer - >> Listening on 0.0.0.0:4567
00:24:50.075 [Thread-12] INFO  org.eclipse.jetty.server.Server - jetty-9.4.48.v20220622; built: 2022-06-21T20:42:25.880Z; git: 6b67c5719d1f4371b33655ff2d047d24e171e49a; jvm 17.0.12+1-b1207.37
00:24:50.075 [Thread-12] INFO  org.eclipse.jetty.server.session - DefaultSessionIdManager workerName=node0
00:24:50.075 [Thread-12] INFO  org.eclipse.jetty.server.session - No SessionScavenger set, using defaults
00:24:50.075 [Thread-12] INFO  org.eclipse.jetty.server.session - node0 Scavenging every 600000ms
00:24:50.086 [Thread-12] INFO  o.e.jetty.server.AbstractConnector - Started ServerConnector@71fcb7fe{HTTP/1.1, (http/1.1)}{0.0.0.0:4567}
00:24:50.090 [Thread-12] INFO  org.eclipse.jetty.server.Server - Started @3281ms
00:24:50.139 [Thread-21] INFO  s.e.jetty.EmbeddedJettyServer - >>> Spark shutting down ...
00:24:50.146 [Thread-21] INFO  o.e.jetty.server.AbstractConnector - Stopped ServerConnector@71fcb7fe{HTTP/1.1, (http/1.1)}{0.0.0.0:4567}
00:24:50.146 [Thread-21] INFO  org.eclipse.jetty.server.session - node0 Stopped scavenging
00:24:50.148 [Thread-21] INFO  s.e.jetty.EmbeddedJettyServer - done
]]></system-out>
  </testcase>
  <testcase name="deleteNotExistsArticle" classname="org.example.controller.article.ArticleControllerTest" time="0.043">
    <system-out><![CDATA[00:24:50.150 [Thread-22] INFO  s.e.jetty.EmbeddedJettyServer - == Spark has ignited ...
00:24:50.150 [Thread-22] INFO  s.e.jetty.EmbeddedJettyServer - >> Listening on 0.0.0.0:4567
00:24:50.150 [Thread-22] INFO  org.eclipse.jetty.server.Server - jetty-9.4.48.v20220622; built: 2022-06-21T20:42:25.880Z; git: 6b67c5719d1f4371b33655ff2d047d24e171e49a; jvm 17.0.12+1-b1207.37
00:24:50.150 [Thread-22] INFO  org.eclipse.jetty.server.session - DefaultSessionIdManager workerName=node0
00:24:50.150 [Thread-22] INFO  org.eclipse.jetty.server.session - No SessionScavenger set, using defaults
00:24:50.150 [Thread-22] INFO  org.eclipse.jetty.server.session - node0 Scavenging every 660000ms
00:24:50.164 [Thread-22] INFO  o.e.jetty.server.AbstractConnector - Started ServerConnector@3dbc94f3{HTTP/1.1, (http/1.1)}{0.0.0.0:4567}
00:24:50.164 [Thread-22] INFO  org.eclipse.jetty.server.Server - Started @3356ms
00:24:50.172 [qtp863730924-59] WARN  o.e.c.article.ArticleController - Article not found.
org.example.exceptions.ArticleDeleteException: article with id:1984 doesn't exist or cannot be reached
	at org.example.service.article.ArticleService.delete(ArticleService.java:45)
	at org.example.controller.article.ArticleController.lambda$delete$3(ArticleController.java:146)
	at spark.RouteImpl$1.handle(RouteImpl.java:72)
	at spark.http.matching.Routes.execute(Routes.java:61)
	at spark.http.matching.MatcherFilter.doFilter(MatcherFilter.java:134)
	at spark.embeddedserver.jetty.JettyHandler.doHandle(JettyHandler.java:50)
	at org.eclipse.jetty.server.session.SessionHandler.doScope(SessionHandler.java:1598)
	at org.eclipse.jetty.server.handler.ScopedHandler.handle(ScopedHandler.java:141)
	at org.eclipse.jetty.server.handler.HandlerWrapper.handle(HandlerWrapper.java:127)
	at org.eclipse.jetty.server.Server.handle(Server.java:516)
	at org.eclipse.jetty.server.HttpChannel.lambda$handle$1(HttpChannel.java:487)
	at org.eclipse.jetty.server.HttpChannel.dispatch(HttpChannel.java:732)
	at org.eclipse.jetty.server.HttpChannel.handle(HttpChannel.java:479)
	at org.eclipse.jetty.server.HttpConnection.onFillable(HttpConnection.java:277)
	at org.eclipse.jetty.io.AbstractConnection$ReadCallback.succeeded(AbstractConnection.java:311)
	at org.eclipse.jetty.io.FillInterest.fillable(FillInterest.java:105)
	at org.eclipse.jetty.io.ChannelEndPoint$1.run(ChannelEndPoint.java:104)
	at org.eclipse.jetty.util.thread.QueuedThreadPool.runJob(QueuedThreadPool.java:883)
	at org.eclipse.jetty.util.thread.QueuedThreadPool$Runner.run(QueuedThreadPool.java:1034)
	at java.base/java.lang.Thread.run(Thread.java:840)
00:24:50.182 [Thread-31] INFO  s.e.jetty.EmbeddedJettyServer - >>> Spark shutting down ...
00:24:50.187 [Thread-31] INFO  o.e.jetty.server.AbstractConnector - Stopped ServerConnector@3dbc94f3{HTTP/1.1, (http/1.1)}{0.0.0.0:4567}
00:24:50.187 [Thread-31] INFO  org.eclipse.jetty.server.session - node0 Stopped scavenging
00:24:50.191 [Thread-31] INFO  s.e.jetty.EmbeddedJettyServer - done
]]></system-out>
  </testcase>
  <testcase name="updateNotExistsArticle" classname="org.example.controller.article.ArticleControllerTest" time="0.03">
    <system-out><![CDATA[00:24:50.193 [Thread-32] INFO  s.e.jetty.EmbeddedJettyServer - == Spark has ignited ...
00:24:50.193 [Thread-32] INFO  s.e.jetty.EmbeddedJettyServer - >> Listening on 0.0.0.0:4567
00:24:50.193 [Thread-32] INFO  org.eclipse.jetty.server.Server - jetty-9.4.48.v20220622; built: 2022-06-21T20:42:25.880Z; git: 6b67c5719d1f4371b33655ff2d047d24e171e49a; jvm 17.0.12+1-b1207.37
00:24:50.193 [Thread-32] INFO  org.eclipse.jetty.server.session - DefaultSessionIdManager workerName=node0
00:24:50.193 [Thread-32] INFO  org.eclipse.jetty.server.session - No SessionScavenger set, using defaults
00:24:50.193 [Thread-32] INFO  org.eclipse.jetty.server.session - node0 Scavenging every 600000ms
00:24:50.205 [Thread-32] INFO  o.e.jetty.server.AbstractConnector - Started ServerConnector@5f6ae9db{HTTP/1.1, (http/1.1)}{0.0.0.0:4567}
00:24:50.205 [Thread-32] INFO  org.eclipse.jetty.server.Server - Started @3398ms
00:24:50.214 [qtp1370299806-79] WARN  o.e.c.article.ArticleController - Article not found.
org.example.exceptions.ArticleUpdateException: article with id:1984 doesn't exist or cannot be reached
	at org.example.service.article.ArticleService.update(ArticleService.java:58)
	at org.example.controller.article.ArticleController.lambda$update$4(ArticleController.java:173)
	at spark.RouteImpl$1.handle(RouteImpl.java:72)
	at spark.http.matching.Routes.execute(Routes.java:61)
	at spark.http.matching.MatcherFilter.doFilter(MatcherFilter.java:134)
	at spark.embeddedserver.jetty.JettyHandler.doHandle(JettyHandler.java:50)
	at org.eclipse.jetty.server.session.SessionHandler.doScope(SessionHandler.java:1598)
	at org.eclipse.jetty.server.handler.ScopedHandler.handle(ScopedHandler.java:141)
	at org.eclipse.jetty.server.handler.HandlerWrapper.handle(HandlerWrapper.java:127)
	at org.eclipse.jetty.server.Server.handle(Server.java:516)
	at org.eclipse.jetty.server.HttpChannel.lambda$handle$1(HttpChannel.java:487)
	at org.eclipse.jetty.server.HttpChannel.dispatch(HttpChannel.java:732)
	at org.eclipse.jetty.server.HttpChannel.handle(HttpChannel.java:479)
	at org.eclipse.jetty.server.HttpConnection.onFillable(HttpConnection.java:277)
	at org.eclipse.jetty.io.AbstractConnection$ReadCallback.succeeded(AbstractConnection.java:311)
	at org.eclipse.jetty.io.FillInterest.fillable(FillInterest.java:105)
	at org.eclipse.jetty.io.ChannelEndPoint$1.run(ChannelEndPoint.java:104)
	at org.eclipse.jetty.util.thread.QueuedThreadPool.runJob(QueuedThreadPool.java:883)
	at org.eclipse.jetty.util.thread.QueuedThreadPool$Runner.run(QueuedThreadPool.java:1034)
	at java.base/java.lang.Thread.run(Thread.java:840)
00:24:50.214 [Thread-41] INFO  s.e.jetty.EmbeddedJettyServer - >>> Spark shutting down ...
00:24:50.221 [Thread-41] INFO  o.e.jetty.server.AbstractConnector - Stopped ServerConnector@5f6ae9db{HTTP/1.1, (http/1.1)}{0.0.0.0:4567}
00:24:50.221 [Thread-41] INFO  org.eclipse.jetty.server.session - node0 Stopped scavenging
00:24:50.223 [Thread-41] INFO  s.e.jetty.EmbeddedJettyServer - done
]]></system-out>
  </testcase>
  <testcase name="successfulDeleteArticle" classname="org.example.controller.article.ArticleControllerTest" time="0.029">
    <system-out><![CDATA[00:24:50.225 [Thread-42] INFO  s.e.jetty.EmbeddedJettyServer - == Spark has ignited ...
00:24:50.225 [Thread-42] INFO  s.e.jetty.EmbeddedJettyServer - >> Listening on 0.0.0.0:4567
00:24:50.225 [Thread-42] INFO  org.eclipse.jetty.server.Server - jetty-9.4.48.v20220622; built: 2022-06-21T20:42:25.880Z; git: 6b67c5719d1f4371b33655ff2d047d24e171e49a; jvm 17.0.12+1-b1207.37
00:24:50.230 [Thread-42] INFO  org.eclipse.jetty.server.session - DefaultSessionIdManager workerName=node0
00:24:50.230 [Thread-42] INFO  org.eclipse.jetty.server.session - No SessionScavenger set, using defaults
00:24:50.230 [Thread-42] INFO  org.eclipse.jetty.server.session - node0 Scavenging every 660000ms
00:24:50.239 [Thread-42] INFO  o.e.jetty.server.AbstractConnector - Started ServerConnector@4e600923{HTTP/1.1, (http/1.1)}{0.0.0.0:4567}
00:24:50.239 [Thread-42] INFO  org.eclipse.jetty.server.Server - Started @3432ms
00:24:50.247 [Thread-51] INFO  s.e.jetty.EmbeddedJettyServer - >>> Spark shutting down ...
00:24:50.247 [Thread-51] INFO  o.e.jetty.server.AbstractConnector - Stopped ServerConnector@4e600923{HTTP/1.1, (http/1.1)}{0.0.0.0:4567}
00:24:50.247 [Thread-51] INFO  org.eclipse.jetty.server.session - node0 Stopped scavenging
00:24:50.254 [Thread-51] INFO  s.e.jetty.EmbeddedJettyServer - done
]]></system-out>
  </testcase>
  <testcase name="successfulArticleCreate" classname="org.example.controller.article.ArticleControllerTest" time="0.047">
    <system-out><![CDATA[00:24:50.257 [Thread-52] INFO  s.e.jetty.EmbeddedJettyServer - == Spark has ignited ...
00:24:50.257 [Thread-52] INFO  s.e.jetty.EmbeddedJettyServer - >> Listening on 0.0.0.0:4567
00:24:50.257 [Thread-52] INFO  org.eclipse.jetty.server.Server - jetty-9.4.48.v20220622; built: 2022-06-21T20:42:25.880Z; git: 6b67c5719d1f4371b33655ff2d047d24e171e49a; jvm 17.0.12+1-b1207.37
00:24:50.262 [Thread-52] INFO  org.eclipse.jetty.server.session - DefaultSessionIdManager workerName=node0
00:24:50.262 [Thread-52] INFO  org.eclipse.jetty.server.session - No SessionScavenger set, using defaults
00:24:50.262 [Thread-52] INFO  org.eclipse.jetty.server.session - node0 Scavenging every 660000ms
00:24:50.271 [Thread-52] INFO  o.e.jetty.server.AbstractConnector - Started ServerConnector@235696de{HTTP/1.1, (http/1.1)}{0.0.0.0:4567}
00:24:50.271 [Thread-52] INFO  org.eclipse.jetty.server.Server - Started @3463ms
00:24:50.291 [Thread-61] INFO  s.e.jetty.EmbeddedJettyServer - >>> Spark shutting down ...
00:24:50.300 [Thread-61] INFO  o.e.jetty.server.AbstractConnector - Stopped ServerConnector@235696de{HTTP/1.1, (http/1.1)}{0.0.0.0:4567}
00:24:50.300 [Thread-61] INFO  org.eclipse.jetty.server.session - node0 Stopped scavenging
00:24:50.304 [Thread-61] INFO  s.e.jetty.EmbeddedJettyServer - done
]]></system-out>
  </testcase>
  <testcase name="successfulGetArticles" classname="org.example.controller.article.ArticleControllerTest" time="0.059">
    <system-out><![CDATA[00:24:50.304 [Thread-62] INFO  s.e.jetty.EmbeddedJettyServer - == Spark has ignited ...
00:24:50.304 [Thread-62] INFO  s.e.jetty.EmbeddedJettyServer - >> Listening on 0.0.0.0:4567
00:24:50.304 [Thread-62] INFO  org.eclipse.jetty.server.Server - jetty-9.4.48.v20220622; built: 2022-06-21T20:42:25.880Z; git: 6b67c5719d1f4371b33655ff2d047d24e171e49a; jvm 17.0.12+1-b1207.37
00:24:50.310 [Thread-62] INFO  org.eclipse.jetty.server.session - DefaultSessionIdManager workerName=node0
00:24:50.310 [Thread-62] INFO  org.eclipse.jetty.server.session - No SessionScavenger set, using defaults
00:24:50.310 [Thread-62] INFO  org.eclipse.jetty.server.session - node0 Scavenging every 660000ms
00:24:50.321 [Thread-62] INFO  o.e.jetty.server.AbstractConnector - Started ServerConnector@4edc586b{HTTP/1.1, (http/1.1)}{0.0.0.0:4567}
00:24:50.326 [Thread-62] INFO  org.eclipse.jetty.server.Server - Started @3516ms
00:24:50.357 [Thread-71] INFO  s.e.jetty.EmbeddedJettyServer - >>> Spark shutting down ...
00:24:50.357 [Thread-71] INFO  o.e.jetty.server.AbstractConnector - Stopped ServerConnector@4edc586b{HTTP/1.1, (http/1.1)}{0.0.0.0:4567}
00:24:50.357 [Thread-71] INFO  org.eclipse.jetty.server.session - node0 Stopped scavenging
00:24:50.363 [Thread-71] INFO  s.e.jetty.EmbeddedJettyServer - done
]]></system-out>
  </testcase>
  <testcase name="getNotExistArticle" classname="org.example.controller.article.ArticleControllerTest" time="0.067">
    <system-out><![CDATA[00:24:50.369 [Thread-72] INFO  s.e.jetty.EmbeddedJettyServer - == Spark has ignited ...
00:24:50.369 [Thread-72] INFO  s.e.jetty.EmbeddedJettyServer - >> Listening on 0.0.0.0:4567
00:24:50.369 [Thread-72] INFO  org.eclipse.jetty.server.Server - jetty-9.4.48.v20220622; built: 2022-06-21T20:42:25.880Z; git: 6b67c5719d1f4371b33655ff2d047d24e171e49a; jvm 17.0.12+1-b1207.37
00:24:50.369 [Thread-72] INFO  org.eclipse.jetty.server.session - DefaultSessionIdManager workerName=node0
00:24:50.369 [Thread-72] INFO  org.eclipse.jetty.server.session - No SessionScavenger set, using defaults
00:24:50.369 [Thread-72] INFO  org.eclipse.jetty.server.session - node0 Scavenging every 600000ms
00:24:50.390 [Thread-72] INFO  o.e.jetty.server.AbstractConnector - Started ServerConnector@6e466c23{HTTP/1.1, (http/1.1)}{0.0.0.0:4567}
00:24:50.390 [Thread-72] INFO  org.eclipse.jetty.server.Server - Started @3584ms
00:24:50.419 [qtp1619107395-141] WARN  o.e.c.article.ArticleController - Article not found.
org.example.exceptions.ArticleNotFoundException: article with id:1984 doesn't exist or cannot be reached
	at org.example.service.article.ArticleService.findById(ArticleService.java:32)
	at org.example.controller.article.ArticleController.lambda$findArticle$1(ArticleController.java:86)
	at spark.RouteImpl$1.handle(RouteImpl.java:72)
	at spark.http.matching.Routes.execute(Routes.java:61)
	at spark.http.matching.MatcherFilter.doFilter(MatcherFilter.java:134)
	at spark.embeddedserver.jetty.JettyHandler.doHandle(JettyHandler.java:50)
	at org.eclipse.jetty.server.session.SessionHandler.doScope(SessionHandler.java:1598)
	at org.eclipse.jetty.server.handler.ScopedHandler.handle(ScopedHandler.java:141)
	at org.eclipse.jetty.server.handler.HandlerWrapper.handle(HandlerWrapper.java:127)
	at org.eclipse.jetty.server.Server.handle(Server.java:516)
	at org.eclipse.jetty.server.HttpChannel.lambda$handle$1(HttpChannel.java:487)
	at org.eclipse.jetty.server.HttpChannel.dispatch(HttpChannel.java:732)
	at org.eclipse.jetty.server.HttpChannel.handle(HttpChannel.java:479)
	at org.eclipse.jetty.server.HttpConnection.onFillable(HttpConnection.java:277)
	at org.eclipse.jetty.io.AbstractConnection$ReadCallback.succeeded(AbstractConnection.java:311)
	at org.eclipse.jetty.io.FillInterest.fillable(FillInterest.java:105)
	at org.eclipse.jetty.io.ChannelEndPoint$1.run(ChannelEndPoint.java:104)
	at org.eclipse.jetty.util.thread.QueuedThreadPool.runJob(QueuedThreadPool.java:883)
	at org.eclipse.jetty.util.thread.QueuedThreadPool$Runner.run(QueuedThreadPool.java:1034)
	at java.base/java.lang.Thread.run(Thread.java:840)
00:24:50.419 [Thread-81] INFO  s.e.jetty.EmbeddedJettyServer - >>> Spark shutting down ...
00:24:50.419 [Thread-81] INFO  o.e.jetty.server.AbstractConnector - Stopped ServerConnector@6e466c23{HTTP/1.1, (http/1.1)}{0.0.0.0:4567}
00:24:50.419 [Thread-81] INFO  org.eclipse.jetty.server.session - node0 Stopped scavenging
00:24:50.430 [Thread-81] INFO  s.e.jetty.EmbeddedJettyServer - done
]]></system-out>
  </testcase>
</testsuite>